<?xml version="1.0" encoding="UTF-8"?>
<!-- Generated by org.testng.reporters.JUnitReportReporter -->
<testsuite hostname="at02guvi01" name="org.fundacion.pivotal.ModifyProjectTest" tests="1" failures="0" timestamp="14 Dec 2016 14:32:51 GMT" time="20.051" errors="0">
  <testcase name="testCreateProject" time="20.051" classname="org.fundacion.pivotal.ModifyProjectTest"/>
</testsuite> <!-- org.fundacion.pivotal.ModifyProjectTest -->
