<?xml version="1.0" encoding="UTF-8"?>
<!-- Generated by org.testng.reporters.JUnitReportReporter -->
<testsuite hostname="MacBook-Pro-de-Gualberto.local" name="org.fundacion.pivotal.CreateProjectTest" tests="1" failures="0" timestamp="14 Dec 2016 03:40:14 GMT" time="22.303" errors="0">
  <testcase name="testCreateProject" time="22.303" classname="org.fundacion.pivotal.CreateProjectTest"/>
</testsuite> <!-- org.fundacion.pivotal.CreateProjectTest -->
