<?xml version="1.0" encoding="UTF-8"?>
<!-- Generated by org.testng.reporters.JUnitReportReporter -->
<testsuite hostname="MacBook-Pro-de-Gualberto.local" name="org.fundacion.pivotal.ModifyProjectTest" tests="1" failures="0" timestamp="14 Dec 2016 03:40:19 GMT" time="36.609" errors="0">
  <testcase name="testCreateProject" time="36.609" classname="org.fundacion.pivotal.ModifyProjectTest"/>
</testsuite> <!-- org.fundacion.pivotal.ModifyProjectTest -->
