<?xml version="1.0" encoding="UTF-8"?>
<!-- Generated by org.testng.reporters.JUnitReportReporter -->
<testsuite hostname="at02guvi01" name="org.fundacion.pivotal.CreateProjectTest" tests="1" failures="0" timestamp="13 Dec 2016 13:37:32 GMT" time="16.639" errors="0">
  <testcase name="testCreateProject" time="16.639" classname="org.fundacion.pivotal.CreateProjectTest"/>
</testsuite> <!-- org.fundacion.pivotal.CreateProjectTest -->
