<?xml version="1.0" encoding="UTF-8"?>
<!-- Generated by org.testng.reporters.JUnitReportReporter -->
<testsuite hostname="Henrry" name="org.fundacion.pivotal.AppTest" tests="1" failures="0" timestamp="9 Dec 2016 10:29:36 GMT" time="0.000" errors="0">
  <testcase name="exampleOfTestNgMaven" time="0.000" classname="org.fundacion.pivotal.AppTest"/>
</testsuite> <!-- org.fundacion.pivotal.AppTest -->
