<?xml version="1.0" encoding="UTF-8"?>
<!-- Generated by org.testng.reporters.JUnitReportReporter -->
<testsuite hostname="at02guvi01" name="org.fundacion.pivotal.CreateProjectTest" tests="1" failures="0" timestamp="9 Dec 2016 23:27:29 GMT" time="14.287" errors="0">
  <testcase name="testCreateProject" time="14.287" classname="org.fundacion.pivotal.CreateProjectTest"/>
</testsuite> <!-- org.fundacion.pivotal.CreateProjectTest -->
